/Users/olivermcmillan/Documents/RiderProjects/Development/Portfolio/Portfolio/tsOutput/Utilities/Color.js
/Users/olivermcmillan/Documents/RiderProjects/Development/Portfolio/Portfolio/tsOutput/Utilities/Color.js.map
/Users/olivermcmillan/Documents/RiderProjects/Development/Portfolio/Portfolio/tsOutput/Utilities/Color.d.ts
/Users/olivermcmillan/Documents/RiderProjects/Development/Portfolio/Portfolio/tsOutput/Utilities/ColorUtilities.js
/Users/olivermcmillan/Documents/RiderProjects/Development/Portfolio/Portfolio/tsOutput/Utilities/ColorUtilities.js.map
/Users/olivermcmillan/Documents/RiderProjects/Development/Portfolio/Portfolio/tsOutput/Utilities/ColorUtilities.d.ts
/Users/olivermcmillan/Documents/RiderProjects/Development/Portfolio/Portfolio/tsOutput/Utilities/KeyUtilities.js
/Users/olivermcmillan/Documents/RiderProjects/Development/Portfolio/Portfolio/tsOutput/Utilities/KeyUtilities.js.map
/Users/olivermcmillan/Documents/RiderProjects/Development/Portfolio/Portfolio/tsOutput/Utilities/KeyUtilities.d.ts
/Users/olivermcmillan/Documents/RiderProjects/Development/Portfolio/Portfolio/tsOutput/Utilities/ObjectUtils.js
/Users/olivermcmillan/Documents/RiderProjects/Development/Portfolio/Portfolio/tsOutput/Utilities/ObjectUtils.js.map
/Users/olivermcmillan/Documents/RiderProjects/Development/Portfolio/Portfolio/tsOutput/Utilities/ObjectUtils.d.ts
/Users/olivermcmillan/Documents/RiderProjects/Development/Portfolio/Portfolio/tsOutput/Utilities/PositionTools.js
/Users/olivermcmillan/Documents/RiderProjects/Development/Portfolio/Portfolio/tsOutput/Utilities/PositionTools.js.map
/Users/olivermcmillan/Documents/RiderProjects/Development/Portfolio/Portfolio/tsOutput/Utilities/PositionTools.d.ts
/Users/olivermcmillan/Documents/RiderProjects/Development/Portfolio/Portfolio/tsOutput/Utilities/IReturnJsonModel.js
/Users/olivermcmillan/Documents/RiderProjects/Development/Portfolio/Portfolio/tsOutput/Utilities/IReturnJsonModel.js.map
/Users/olivermcmillan/Documents/RiderProjects/Development/Portfolio/Portfolio/tsOutput/Utilities/IReturnJsonModel.d.ts
/Users/olivermcmillan/Documents/RiderProjects/Development/Portfolio/Portfolio/tsOutput/Utilities/index.js
/Users/olivermcmillan/Documents/RiderProjects/Development/Portfolio/Portfolio/tsOutput/Utilities/index.js.map
/Users/olivermcmillan/Documents/RiderProjects/Development/Portfolio/Portfolio/tsOutput/Utilities/index.d.ts
/Users/olivermcmillan/Documents/RiderProjects/Development/Portfolio/Portfolio/tsOutput/Components/HighlightTitle/HighlightChar.js
/Users/olivermcmillan/Documents/RiderProjects/Development/Portfolio/Portfolio/tsOutput/Components/HighlightTitle/HighlightChar.js.map
/Users/olivermcmillan/Documents/RiderProjects/Development/Portfolio/Portfolio/tsOutput/Components/HighlightTitle/HighlightChar.d.ts
/Users/olivermcmillan/Documents/RiderProjects/Development/Portfolio/Portfolio/tsOutput/Components/HighlightTitle/HighlightTitle.js
/Users/olivermcmillan/Documents/RiderProjects/Development/Portfolio/Portfolio/tsOutput/Components/HighlightTitle/HighlightTitle.js.map
/Users/olivermcmillan/Documents/RiderProjects/Development/Portfolio/Portfolio/tsOutput/Components/HighlightTitle/HighlightTitle.d.ts
/Users/olivermcmillan/Documents/RiderProjects/Development/Portfolio/Portfolio/tsOutput/Components/HighlightTitle/index.js
/Users/olivermcmillan/Documents/RiderProjects/Development/Portfolio/Portfolio/tsOutput/Components/HighlightTitle/index.js.map
/Users/olivermcmillan/Documents/RiderProjects/Development/Portfolio/Portfolio/tsOutput/Components/HighlightTitle/index.d.ts
/Users/olivermcmillan/Documents/RiderProjects/Development/Portfolio/Portfolio/tsOutput/Header/FixedHeader.js
/Users/olivermcmillan/Documents/RiderProjects/Development/Portfolio/Portfolio/tsOutput/Header/FixedHeader.js.map
/Users/olivermcmillan/Documents/RiderProjects/Development/Portfolio/Portfolio/tsOutput/Header/FixedHeader.d.ts
/Users/olivermcmillan/Documents/RiderProjects/Development/Portfolio/Portfolio/tsOutput/Header/HeaderButton.js
/Users/olivermcmillan/Documents/RiderProjects/Development/Portfolio/Portfolio/tsOutput/Header/HeaderButton.js.map
/Users/olivermcmillan/Documents/RiderProjects/Development/Portfolio/Portfolio/tsOutput/Header/HeaderButton.d.ts
/Users/olivermcmillan/Documents/RiderProjects/Development/Portfolio/Portfolio/tsOutput/Header/HeaderTitle.js
/Users/olivermcmillan/Documents/RiderProjects/Development/Portfolio/Portfolio/tsOutput/Header/HeaderTitle.js.map
/Users/olivermcmillan/Documents/RiderProjects/Development/Portfolio/Portfolio/tsOutput/Header/HeaderTitle.d.ts
/Users/olivermcmillan/Documents/RiderProjects/Development/Portfolio/Portfolio/tsOutput/Header/index.js
/Users/olivermcmillan/Documents/RiderProjects/Development/Portfolio/Portfolio/tsOutput/Header/index.js.map
/Users/olivermcmillan/Documents/RiderProjects/Development/Portfolio/Portfolio/tsOutput/Header/index.d.ts
/Users/olivermcmillan/Documents/RiderProjects/Development/Portfolio/Portfolio/tsOutput/Footer/Footer.js
/Users/olivermcmillan/Documents/RiderProjects/Development/Portfolio/Portfolio/tsOutput/Footer/Footer.js.map
/Users/olivermcmillan/Documents/RiderProjects/Development/Portfolio/Portfolio/tsOutput/Footer/Footer.d.ts
/Users/olivermcmillan/Documents/RiderProjects/Development/Portfolio/Portfolio/tsOutput/Footer/FooterButton.js
/Users/olivermcmillan/Documents/RiderProjects/Development/Portfolio/Portfolio/tsOutput/Footer/FooterButton.js.map
/Users/olivermcmillan/Documents/RiderProjects/Development/Portfolio/Portfolio/tsOutput/Footer/FooterButton.d.ts
/Users/olivermcmillan/Documents/RiderProjects/Development/Portfolio/Portfolio/tsOutput/Footer/index.js
/Users/olivermcmillan/Documents/RiderProjects/Development/Portfolio/Portfolio/tsOutput/Footer/index.js.map
/Users/olivermcmillan/Documents/RiderProjects/Development/Portfolio/Portfolio/tsOutput/Footer/index.d.ts
/Users/olivermcmillan/Documents/RiderProjects/Development/Portfolio/Portfolio/tsOutput/Components/Box/Box.js
/Users/olivermcmillan/Documents/RiderProjects/Development/Portfolio/Portfolio/tsOutput/Components/Box/Box.js.map
/Users/olivermcmillan/Documents/RiderProjects/Development/Portfolio/Portfolio/tsOutput/Components/Box/Box.d.ts
/Users/olivermcmillan/Documents/RiderProjects/Development/Portfolio/Portfolio/tsOutput/Components/Box/BoxDisplay.js
/Users/olivermcmillan/Documents/RiderProjects/Development/Portfolio/Portfolio/tsOutput/Components/Box/BoxDisplay.js.map
/Users/olivermcmillan/Documents/RiderProjects/Development/Portfolio/Portfolio/tsOutput/Components/Box/BoxDisplay.d.ts
/Users/olivermcmillan/Documents/RiderProjects/Development/Portfolio/Portfolio/tsOutput/Components/Box/BoxContainer.js
/Users/olivermcmillan/Documents/RiderProjects/Development/Portfolio/Portfolio/tsOutput/Components/Box/BoxContainer.js.map
/Users/olivermcmillan/Documents/RiderProjects/Development/Portfolio/Portfolio/tsOutput/Components/Box/BoxContainer.d.ts
/Users/olivermcmillan/Documents/RiderProjects/Development/Portfolio/Portfolio/tsOutput/Components/Box/index.js
/Users/olivermcmillan/Documents/RiderProjects/Development/Portfolio/Portfolio/tsOutput/Components/Box/index.js.map
/Users/olivermcmillan/Documents/RiderProjects/Development/Portfolio/Portfolio/tsOutput/Components/Box/index.d.ts
/Users/olivermcmillan/Documents/RiderProjects/Development/Portfolio/Portfolio/tsOutput/Components/ComparisonTool/AddButton.js
/Users/olivermcmillan/Documents/RiderProjects/Development/Portfolio/Portfolio/tsOutput/Components/ComparisonTool/AddButton.js.map
/Users/olivermcmillan/Documents/RiderProjects/Development/Portfolio/Portfolio/tsOutput/Components/ComparisonTool/AddButton.d.ts
/Users/olivermcmillan/Documents/RiderProjects/Development/Portfolio/Portfolio/tsOutput/Components/ComparisonTool/AddRowDialog.js
/Users/olivermcmillan/Documents/RiderProjects/Development/Portfolio/Portfolio/tsOutput/Components/ComparisonTool/AddRowDialog.js.map
/Users/olivermcmillan/Documents/RiderProjects/Development/Portfolio/Portfolio/tsOutput/Components/ComparisonTool/AddRowDialog.d.ts
/Users/olivermcmillan/Documents/RiderProjects/Development/Portfolio/Portfolio/tsOutput/Components/Popup/Popup.js
/Users/olivermcmillan/Documents/RiderProjects/Development/Portfolio/Portfolio/tsOutput/Components/Popup/Popup.js.map
/Users/olivermcmillan/Documents/RiderProjects/Development/Portfolio/Portfolio/tsOutput/Components/Popup/Popup.d.ts
/Users/olivermcmillan/Documents/RiderProjects/Development/Portfolio/Portfolio/tsOutput/Components/Popup/index.js
/Users/olivermcmillan/Documents/RiderProjects/Development/Portfolio/Portfolio/tsOutput/Components/Popup/index.js.map
/Users/olivermcmillan/Documents/RiderProjects/Development/Portfolio/Portfolio/tsOutput/Components/Popup/index.d.ts
/Users/olivermcmillan/Documents/RiderProjects/Development/Portfolio/Portfolio/tsOutput/Components/ComparisonTool/ComparisonTool.js
/Users/olivermcmillan/Documents/RiderProjects/Development/Portfolio/Portfolio/tsOutput/Components/ComparisonTool/ComparisonTool.js.map
/Users/olivermcmillan/Documents/RiderProjects/Development/Portfolio/Portfolio/tsOutput/Components/ComparisonTool/ComparisonTool.d.ts
/Users/olivermcmillan/Documents/RiderProjects/Development/Portfolio/Portfolio/tsOutput/Components/ComparisonTool/ComparisonValue.js
/Users/olivermcmillan/Documents/RiderProjects/Development/Portfolio/Portfolio/tsOutput/Components/ComparisonTool/ComparisonValue.js.map
/Users/olivermcmillan/Documents/RiderProjects/Development/Portfolio/Portfolio/tsOutput/Components/ComparisonTool/ComparisonValue.d.ts
/Users/olivermcmillan/Documents/RiderProjects/Development/Portfolio/Portfolio/tsOutput/Components/ComparisonTool/DeleteButton.js
/Users/olivermcmillan/Documents/RiderProjects/Development/Portfolio/Portfolio/tsOutput/Components/ComparisonTool/DeleteButton.js.map
/Users/olivermcmillan/Documents/RiderProjects/Development/Portfolio/Portfolio/tsOutput/Components/ComparisonTool/DeleteButton.d.ts
/Users/olivermcmillan/Documents/RiderProjects/Development/Portfolio/Portfolio/tsOutput/Components/ComparisonTool/Dictionary.js
/Users/olivermcmillan/Documents/RiderProjects/Development/Portfolio/Portfolio/tsOutput/Components/ComparisonTool/Dictionary.js.map
/Users/olivermcmillan/Documents/RiderProjects/Development/Portfolio/Portfolio/tsOutput/Components/ComparisonTool/Dictionary.d.ts
/Users/olivermcmillan/Documents/RiderProjects/Development/Portfolio/Portfolio/tsOutput/Components/ComparisonTool/index.js
/Users/olivermcmillan/Documents/RiderProjects/Development/Portfolio/Portfolio/tsOutput/Components/ComparisonTool/index.js.map
/Users/olivermcmillan/Documents/RiderProjects/Development/Portfolio/Portfolio/tsOutput/Components/ComparisonTool/index.d.ts
/Users/olivermcmillan/Documents/RiderProjects/Development/Portfolio/Portfolio/tsOutput/Components/PdfButton/PdfButton.js
/Users/olivermcmillan/Documents/RiderProjects/Development/Portfolio/Portfolio/tsOutput/Components/PdfButton/PdfButton.js.map
/Users/olivermcmillan/Documents/RiderProjects/Development/Portfolio/Portfolio/tsOutput/Components/PdfButton/PdfButton.d.ts
/Users/olivermcmillan/Documents/RiderProjects/Development/Portfolio/Portfolio/tsOutput/Components/PdfButton/index.js
/Users/olivermcmillan/Documents/RiderProjects/Development/Portfolio/Portfolio/tsOutput/Components/PdfButton/index.js.map
/Users/olivermcmillan/Documents/RiderProjects/Development/Portfolio/Portfolio/tsOutput/Components/PdfButton/index.d.ts
/Users/olivermcmillan/Documents/RiderProjects/Development/Portfolio/Portfolio/tsOutput/Components/SmallTile/SmallTile.js
/Users/olivermcmillan/Documents/RiderProjects/Development/Portfolio/Portfolio/tsOutput/Components/SmallTile/SmallTile.js.map
/Users/olivermcmillan/Documents/RiderProjects/Development/Portfolio/Portfolio/tsOutput/Components/SmallTile/SmallTile.d.ts
/Users/olivermcmillan/Documents/RiderProjects/Development/Portfolio/Portfolio/tsOutput/Components/SmallTile/index.js
/Users/olivermcmillan/Documents/RiderProjects/Development/Portfolio/Portfolio/tsOutput/Components/SmallTile/index.js.map
/Users/olivermcmillan/Documents/RiderProjects/Development/Portfolio/Portfolio/tsOutput/Components/SmallTile/index.d.ts
/Users/olivermcmillan/Documents/RiderProjects/Development/Portfolio/Portfolio/tsOutput/Components/Switch/Switch.js
/Users/olivermcmillan/Documents/RiderProjects/Development/Portfolio/Portfolio/tsOutput/Components/Switch/Switch.js.map
/Users/olivermcmillan/Documents/RiderProjects/Development/Portfolio/Portfolio/tsOutput/Components/Switch/Switch.d.ts
/Users/olivermcmillan/Documents/RiderProjects/Development/Portfolio/Portfolio/tsOutput/Components/Switch/index.js
/Users/olivermcmillan/Documents/RiderProjects/Development/Portfolio/Portfolio/tsOutput/Components/Switch/index.js.map
/Users/olivermcmillan/Documents/RiderProjects/Development/Portfolio/Portfolio/tsOutput/Components/Switch/index.d.ts
/Users/olivermcmillan/Documents/RiderProjects/Development/Portfolio/Portfolio/tsOutput/Components/Tile/DisplayTile.js
/Users/olivermcmillan/Documents/RiderProjects/Development/Portfolio/Portfolio/tsOutput/Components/Tile/DisplayTile.js.map
/Users/olivermcmillan/Documents/RiderProjects/Development/Portfolio/Portfolio/tsOutput/Components/Tile/DisplayTile.d.ts
/Users/olivermcmillan/Documents/RiderProjects/Development/Portfolio/Portfolio/tsOutput/Components/Tile/TileContainer.js
/Users/olivermcmillan/Documents/RiderProjects/Development/Portfolio/Portfolio/tsOutput/Components/Tile/TileContainer.js.map
/Users/olivermcmillan/Documents/RiderProjects/Development/Portfolio/Portfolio/tsOutput/Components/Tile/TileContainer.d.ts
/Users/olivermcmillan/Documents/RiderProjects/Development/Portfolio/Portfolio/tsOutput/Components/Tile/index.js
/Users/olivermcmillan/Documents/RiderProjects/Development/Portfolio/Portfolio/tsOutput/Components/Tile/index.js.map
/Users/olivermcmillan/Documents/RiderProjects/Development/Portfolio/Portfolio/tsOutput/Components/Tile/index.d.ts
/Users/olivermcmillan/Documents/RiderProjects/Development/Portfolio/Portfolio/tsOutput/Components/index.js
/Users/olivermcmillan/Documents/RiderProjects/Development/Portfolio/Portfolio/tsOutput/Components/index.js.map
/Users/olivermcmillan/Documents/RiderProjects/Development/Portfolio/Portfolio/tsOutput/Components/index.d.ts
/Users/olivermcmillan/Documents/RiderProjects/Development/Portfolio/Portfolio/tsOutput/Pages/ComparisonPage.js
/Users/olivermcmillan/Documents/RiderProjects/Development/Portfolio/Portfolio/tsOutput/Pages/ComparisonPage.js.map
/Users/olivermcmillan/Documents/RiderProjects/Development/Portfolio/Portfolio/tsOutput/Pages/ComparisonPage.d.ts
/Users/olivermcmillan/Documents/RiderProjects/Development/Portfolio/Portfolio/tsOutput/Pages/ContactPage.js
/Users/olivermcmillan/Documents/RiderProjects/Development/Portfolio/Portfolio/tsOutput/Pages/ContactPage.js.map
/Users/olivermcmillan/Documents/RiderProjects/Development/Portfolio/Portfolio/tsOutput/Pages/ContactPage.d.ts
/Users/olivermcmillan/Documents/RiderProjects/Development/Portfolio/Portfolio/tsOutput/Pages/IndexPage.js
/Users/olivermcmillan/Documents/RiderProjects/Development/Portfolio/Portfolio/tsOutput/Pages/IndexPage.js.map
/Users/olivermcmillan/Documents/RiderProjects/Development/Portfolio/Portfolio/tsOutput/Pages/IndexPage.d.ts
/Users/olivermcmillan/Documents/RiderProjects/Development/Portfolio/Portfolio/tsOutput/Pages/ResumePage.js
/Users/olivermcmillan/Documents/RiderProjects/Development/Portfolio/Portfolio/tsOutput/Pages/ResumePage.js.map
/Users/olivermcmillan/Documents/RiderProjects/Development/Portfolio/Portfolio/tsOutput/Pages/ResumePage.d.ts
/Users/olivermcmillan/Documents/RiderProjects/Development/Portfolio/Portfolio/tsOutput/Pages/index.js
/Users/olivermcmillan/Documents/RiderProjects/Development/Portfolio/Portfolio/tsOutput/Pages/index.js.map
/Users/olivermcmillan/Documents/RiderProjects/Development/Portfolio/Portfolio/tsOutput/Pages/index.d.ts
/Users/olivermcmillan/Documents/RiderProjects/Development/Portfolio/Portfolio/tsOutput/Variables.js
/Users/olivermcmillan/Documents/RiderProjects/Development/Portfolio/Portfolio/tsOutput/Variables.js.map
/Users/olivermcmillan/Documents/RiderProjects/Development/Portfolio/Portfolio/tsOutput/Variables.d.ts
/Users/olivermcmillan/Documents/RiderProjects/Development/Portfolio/Portfolio/tsOutput/Output.js
/Users/olivermcmillan/Documents/RiderProjects/Development/Portfolio/Portfolio/tsOutput/Output.js.map
/Users/olivermcmillan/Documents/RiderProjects/Development/Portfolio/Portfolio/tsOutput/Output.d.ts
/Users/olivermcmillan/Documents/RiderProjects/Development/Portfolio/Portfolio/tsOutput/StyleOutput.js
/Users/olivermcmillan/Documents/RiderProjects/Development/Portfolio/Portfolio/tsOutput/StyleOutput.js.map
/Users/olivermcmillan/Documents/RiderProjects/Development/Portfolio/Portfolio/tsOutput/StyleOutput.d.ts
